{'resume': '', 'debug': True, 'gpu': '0', 'data_root': './datasets', 'train_file': './datasets/train.txt', 'val_file': './datasets/val.txt', 'model': 'resnet50', 'batch_size': 64, 'display': True}
[tensor([[[[-0.3369, -0.3369, -0.3369,  ..., -1.0219, -1.0219, -1.0219],
          [-0.3369, -0.3369, -0.3369,  ..., -1.0219, -1.0219, -1.0219],
          [-0.3369, -0.3369, -0.3369,  ..., -1.0219, -1.0219, -1.0219],
          ...,
          [ 0.4851,  0.4851,  0.4851,  ..., -1.4500, -1.4500, -1.4500],
          [ 0.4851,  0.4851,  0.4851,  ..., -1.4500, -1.4500, -1.4500],
          [ 0.4851,  0.4851,  0.4851,  ..., -1.4500, -1.4500, -1.4500]],

         [[-0.2150, -0.2150, -0.2150,  ..., -0.8627, -0.8627, -0.8627],
          [-0.2150, -0.2150, -0.2150,  ..., -0.8627, -0.8627, -0.8627],
          [-0.2150, -0.2150, -0.2150,  ..., -0.8627, -0.8627, -0.8627],
          ...,
          [ 0.8880,  0.8880,  0.8880,  ..., -1.4230, -1.4230, -1.4230],
          [ 0.8880,  0.8880,  0.8880,  ..., -1.4230, -1.4230, -1.4230],
          [ 0.8880,  0.8880,  0.8880,  ..., -1.4230, -1.4230, -1.4230]],

         [[ 0.0431,  0.0431,  0.0431,  ..., -0.8284, -0.8284, -0.8284],
          [ 0.0431,  0.0431,  0.0431,  ..., -0.8284, -0.8284, -0.8284],
          [ 0.0431,  0.0431,  0.0431,  ..., -0.8284, -0.8284, -0.8284],
          ...,
          [ 1.4722,  1.4722,  1.4722,  ..., -1.1770, -1.1770, -1.1770],
          [ 1.4722,  1.4722,  1.4722,  ..., -1.1770, -1.1770, -1.1770],
          [ 1.4722,  1.4722,  1.4722,  ..., -1.1770, -1.1770, -1.1770]]],


        [[[ 0.5364,  0.5364,  0.5364,  ...,  1.1187,  1.1187,  1.1187],
          [ 0.5364,  0.5364,  0.5364,  ...,  1.1187,  1.1187,  1.1187],
          [ 0.5022,  0.5022,  0.5022,  ...,  1.1187,  1.1187,  1.1187],
          ...,
          [ 0.3994,  0.3994,  0.3994,  ..., -0.3369, -0.3369, -0.3369],
          [ 0.3823,  0.3823,  0.3823,  ..., -0.3198, -0.3198, -0.3198],
          [ 0.3823,  0.3823,  0.3823,  ..., -0.3198, -0.3198, -0.3198]],

         [[ 0.6604,  0.6604,  0.6604,  ...,  1.4482,  1.4482,  1.4482],
          [ 0.6604,  0.6604,  0.6604,  ...,  1.4482,  1.4482,  1.4482],
          [ 0.6254,  0.6254,  0.6254,  ...,  1.4482,  1.4482,  1.4482],
          ...,
          [ 0.7479,  0.7479,  0.7479,  ..., -0.2675, -0.2675, -0.2675],
          [ 0.7304,  0.7304,  0.7304,  ..., -0.2675, -0.2675, -0.2675],
          [ 0.7304,  0.7304,  0.7304,  ..., -0.2675, -0.2675, -0.2675]],

         [[ 0.8448,  0.8448,  0.8448,  ...,  1.2457,  1.2457,  1.2457],
          [ 0.8448,  0.8448,  0.8448,  ...,  1.2457,  1.2457,  1.2457],
          [ 0.8099,  0.8099,  0.8099,  ...,  1.2457,  1.2457,  1.2457],
          ...,
          [ 0.1128,  0.1128,  0.1128,  ..., -0.5495, -0.5495, -0.5495],
          [ 0.0779,  0.0779,  0.0779,  ..., -0.5495, -0.5495, -0.5495],
          [ 0.0779,  0.0779,  0.0779,  ..., -0.5495, -0.5495, -0.5495]]],


        [[[-1.4329, -1.4329, -1.4329,  ..., -1.0733, -1.0733, -1.0733],
          [-1.4329, -1.4329, -1.4329,  ..., -1.0733, -1.0733, -1.0733],
          [-1.4329, -1.4329, -1.4329,  ..., -1.0733, -1.0733, -1.0733],
          ...,
          [ 1.1872,  1.1872,  1.1872,  ..., -1.2274, -1.2274, -1.2274],
          [ 1.1872,  1.1872,  1.1872,  ..., -1.2274, -1.2274, -1.2274],
          [ 1.1872,  1.1872,  1.1872,  ..., -1.2274, -1.2274, -1.2274]],

         [[-1.4055, -1.4055, -1.4055,  ..., -1.2829, -1.2829, -1.2829],
          [-1.4055, -1.4055, -1.4055,  ..., -1.2829, -1.2829, -1.2829],
          [-1.4055, -1.4055, -1.4055,  ..., -1.2829, -1.2829, -1.2829],
          ...,
          [ 1.0455,  1.0455,  1.0455,  ..., -1.4930, -1.4930, -1.4930],
          [ 1.0455,  1.0455,  1.0455,  ..., -1.4930, -1.4930, -1.4930],
          [ 1.0455,  1.0455,  1.0455,  ..., -1.4930, -1.4930, -1.4930]],

         [[-1.3687, -1.3687, -1.3687,  ..., -1.6824, -1.6824, -1.6824],
          [-1.3687, -1.3687, -1.3687,  ..., -1.6824, -1.6824, -1.6824],
          [-1.3687, -1.3687, -1.3687,  ..., -1.6824, -1.6824, -1.6824],
          ...,
          [ 0.7751,  0.7751,  0.7751,  ..., -1.6302, -1.6302, -1.6302],
          [ 0.7751,  0.7751,  0.7751,  ..., -1.6302, -1.6302, -1.6302],
          [ 0.7751,  0.7751,  0.7751,  ..., -1.6302, -1.6302, -1.6302]]],


        ...,


        [[[ 0.3481,  0.3481,  0.3481,  ...,  1.5639,  1.5639,  1.5639],
          [ 0.3481,  0.3481,  0.3481,  ...,  1.5639,  1.5639,  1.5639],
          [ 0.2453,  0.2453,  0.2624,  ...,  1.5810,  1.5810,  1.5810],
          ...,
          [ 1.9578,  1.9578,  1.9578,  ..., -1.3644, -1.3815, -1.3815],
          [ 2.0263,  2.0263,  2.0263,  ..., -1.3644, -1.3815, -1.3815],
          [ 2.0263,  2.0263,  2.0263,  ..., -1.3644, -1.3815, -1.3815]],

         [[ 0.4853,  0.4853,  0.4853,  ...,  1.7283,  1.7283,  1.7283],
          [ 0.4853,  0.4853,  0.4853,  ...,  1.7283,  1.7283,  1.7283],
          [ 0.3803,  0.3803,  0.3978,  ...,  1.7458,  1.7458,  1.7458],
          ...,
          [ 2.1310,  2.1310,  2.1310,  ..., -1.2654, -1.2829, -1.2829],
          [ 2.2010,  2.2010,  2.2010,  ..., -1.2654, -1.2829, -1.2829],
          [ 2.2010,  2.2010,  2.2010,  ..., -1.2654, -1.2829, -1.2829]],

         [[ 0.7054,  0.7054,  0.7054,  ...,  1.9428,  1.9428,  1.9428],
          [ 0.7054,  0.7054,  0.7054,  ...,  1.9428,  1.9428,  1.9428],
          [ 0.6008,  0.6008,  0.6182,  ...,  1.9603,  1.9603,  1.9603],
          ...,
          [ 2.3437,  2.3437,  2.3437,  ..., -1.0376, -1.0550, -1.0550],
          [ 2.4134,  2.4134,  2.4134,  ..., -1.0376, -1.0550, -1.0550],
          [ 2.4134,  2.4134,  2.4134,  ..., -1.0376, -1.0550, -1.0550]]],


        [[[ 0.5878,  0.5878,  0.5878,  ...,  0.5193,  0.5193,  0.5193],
          [ 0.5878,  0.5878,  0.5878,  ...,  0.5193,  0.5193,  0.5193],
          [ 0.5878,  0.5878,  0.5878,  ...,  0.5193,  0.5193,  0.5193],
          ...,
          [ 0.0227,  0.0227,  0.0227,  ...,  0.1254,  0.1254,  0.1254],
          [ 0.0227,  0.0227,  0.0227,  ...,  0.1254,  0.1254,  0.1254],
          [ 0.0227,  0.0227,  0.0227,  ...,  0.1254,  0.1254,  0.1254]],

         [[ 1.1331,  1.1331,  1.1331,  ...,  1.0980,  1.0980,  1.0980],
          [ 1.1331,  1.1331,  1.1331,  ...,  1.0980,  1.0980,  1.0980],
          [ 1.1331,  1.1331,  1.1331,  ...,  1.0980,  1.0980,  1.0980],
          ...,
          [ 0.1877,  0.1877,  0.1877,  ...,  0.2402,  0.2402,  0.2402],
          [ 0.1877,  0.1877,  0.1877,  ...,  0.2402,  0.2402,  0.2402],
          [ 0.1877,  0.1877,  0.1877,  ...,  0.2402,  0.2402,  0.2402]],

         [[ 1.0714,  1.0714,  1.0714,  ...,  1.2631,  1.2631,  1.2631],
          [ 1.0714,  1.0714,  1.0714,  ...,  1.2631,  1.2631,  1.2631],
          [ 1.0714,  1.0714,  1.0714,  ...,  1.2631,  1.2631,  1.2631],
          ...,
          [ 0.0256,  0.0256,  0.0256,  ...,  0.0953,  0.0953,  0.0953],
          [ 0.0256,  0.0256,  0.0256,  ...,  0.0953,  0.0953,  0.0953],
          [ 0.0256,  0.0256,  0.0256,  ...,  0.0953,  0.0953,  0.0953]]],


        [[[ 2.2489,  2.2489,  2.2489,  ...,  2.2489,  2.2489,  2.2489],
          [ 2.2489,  2.2489,  2.2489,  ...,  2.2489,  2.2489,  2.2489],
          [ 2.2489,  2.2489,  2.2489,  ...,  2.2489,  2.2489,  2.2489],
          ...,
          [ 2.2489,  2.2489,  2.2489,  ...,  2.2318,  2.2318,  2.2318],
          [ 2.2489,  2.2489,  2.2489,  ...,  2.2489,  2.2489,  2.2489],
          [ 2.2489,  2.2489,  2.2489,  ...,  2.2489,  2.2489,  2.2489]],

         [[ 2.4286,  2.4286,  2.4286,  ...,  2.4286,  2.4286,  2.4286],
          [ 2.4286,  2.4286,  2.4286,  ...,  2.4286,  2.4286,  2.4286],
          [ 2.4286,  2.4286,  2.4286,  ...,  2.4286,  2.4286,  2.4286],
          ...,
          [ 2.4286,  2.4286,  2.4286,  ...,  2.3761,  2.3761,  2.3761],
          [ 2.4286,  2.4286,  2.4286,  ...,  2.3936,  2.3936,  2.3936],
          [ 2.4286,  2.4286,  2.4286,  ...,  2.3936,  2.3936,  2.3936]],

         [[ 2.6400,  2.6400,  2.6400,  ...,  2.6400,  2.6400,  2.6400],
          [ 2.6400,  2.6400,  2.6400,  ...,  2.6400,  2.6400,  2.6400],
          [ 2.6400,  2.6400,  2.6400,  ...,  2.6400,  2.6400,  2.6400],
          ...,
          [ 2.6400,  2.6400,  2.6400,  ...,  2.6400,  2.6400,  2.6400],
          [ 2.6400,  2.6400,  2.6400,  ...,  2.6400,  2.6400,  2.6400],
          [ 2.6400,  2.6400,  2.6400,  ...,  2.6400,  2.6400,  2.6400]]]]), tensor([167, 118, 171, 148,  53,  62,  15,   5, 158, 145,  46,  19,  50,  36,
         16,  70,  68, 175,  88, 156,  75,  44,  85, 106,  18, 157, 116, 137,
         46,  98, 168, 135, 177, 192, 168, 162, 106,   7,  80, 192,  19, 176,
        134, 129, 186, 194,  21,  17,   9, 108,  46, 189,  86,  99, 180,   9,
         84,   5, 139, 130,  27,  74,  95, 139])]
